Copyright 1986-2020 Xilinx, Inc. All Rights Reserved.
------------------------------------------------------------------------------------------------------------------------------------
| Tool Version : Vivado v.2020.1 (win64) Build 2902540 Wed May 27 19:54:49 MDT 2020
| Date         : Thu Jan  4 11:29:35 2024
| Host         : PC-CAUTERO-NEW running 64-bit major release  (build 9200)
| Command      : report_drc -file red_pitaya_top_drc_routed.rpt -pb red_pitaya_top_drc_routed.pb -rpx red_pitaya_top_drc_routed.rpx
| Design       : red_pitaya_top
| Device       : xc7z010clg400-1
| Speed File   : -1
| Design State : Fully Routed
------------------------------------------------------------------------------------------------------------------------------------

Report DRC

Table of Contents
-----------------
1. REPORT SUMMARY
2. REPORT DETAILS

1. REPORT SUMMARY
-----------------
            Netlist: netlist
          Floorplan: design_1
      Design limits: <entire design considered>
           Ruledeck: default
             Max violations: <unlimited>
             Violations found: 71
+----------+----------+-------------------------------------------------+------------+
| Rule     | Severity | Description                                     | Violations |
+----------+----------+-------------------------------------------------+------------+
| DPIP-1   | Warning  | Input pipelining                                | 8          |
| DPOP-1   | Warning  | PREG Output pipelining                          | 6          |
| DPOP-2   | Warning  | MREG Output pipelining                          | 12         |
| PDRC-153 | Warning  | Gated clock check                               | 1          |
| PLIO-8   | Warning  | Placement Constraints Check for IO constraints  | 32         |
| RPBF-3   | Warning  | IO port buffering is incomplete                 | 8          |
| REQP-20  | Advisory | enum_AREG_0_connects_CEA1_GND_connects_CEA2_GND | 1          |
| REQP-24  | Advisory | enum_BREG_0_connects_CEB1_GND_connects_CEB2_GND | 3          |
+----------+----------+-------------------------------------------------+------------+

2. REPORT DETAILS
-----------------
DPIP-1#1 Warning
Input pipelining  
DSP i_pid/ma1/ay_1_m/full_aByb input i_pid/ma1/ay_1_m/full_aByb/A[29:0] is not pipelined. Pipelining DSP48 input will improve performance.
Related violations: <none>

DPIP-1#2 Warning
Input pipelining  
DSP i_pid/ma1/ay_1_m/full_aByb__0 input i_pid/ma1/ay_1_m/full_aByb__0/B[17:0] is not pipelined. Pipelining DSP48 input will improve performance.
Related violations: <none>

DPIP-1#3 Warning
Input pipelining  
DSP i_pid/ma1/ay_1_m/full_aByb__1__0 input i_pid/ma1/ay_1_m/full_aByb__1__0/B[17:0] is not pipelined. Pipelining DSP48 input will improve performance.
Related violations: <none>

DPIP-1#4 Warning
Input pipelining  
DSP i_pid/ma1/ay_1_m/full_aByb__2 input i_pid/ma1/ay_1_m/full_aByb__2/B[17:0] is not pipelined. Pipelining DSP48 input will improve performance.
Related violations: <none>

DPIP-1#5 Warning
Input pipelining  
DSP i_pid/ma1/bx_m/full_aByb input i_pid/ma1/bx_m/full_aByb/A[29:0] is not pipelined. Pipelining DSP48 input will improve performance.
Related violations: <none>

DPIP-1#6 Warning
Input pipelining  
DSP i_pid/ma1/bx_m/full_aByb input i_pid/ma1/bx_m/full_aByb/B[17:0] is not pipelined. Pipelining DSP48 input will improve performance.
Related violations: <none>

DPIP-1#7 Warning
Input pipelining  
DSP i_pid/ma1/bx_m/full_aByb__0 input i_pid/ma1/bx_m/full_aByb__0/A[29:0] is not pipelined. Pipelining DSP48 input will improve performance.
Related violations: <none>

DPIP-1#8 Warning
Input pipelining  
DSP i_pid/ma1/bx_m/full_aByb__0 input i_pid/ma1/bx_m/full_aByb__0/B[17:0] is not pipelined. Pipelining DSP48 input will improve performance.
Related violations: <none>

DPOP-1#1 Warning
PREG Output pipelining  
DSP i_pid/ma1/ay_1_m/full_aByb output i_pid/ma1/ay_1_m/full_aByb/P[47:0] is not pipelined (PREG=0). Pipelining the DSP48 output will improve performance and often saves power so it is suggested whenever possible to fully pipeline this function.  If this DSP48 function was inferred, it is suggested to describe an additional register stage after this function.  If the DSP48 was instantiated in the design, it is suggested to set the PREG attribute to 1.
Related violations: <none>

DPOP-1#2 Warning
PREG Output pipelining  
DSP i_pid/ma1/ay_1_m/full_aByb__0 output i_pid/ma1/ay_1_m/full_aByb__0/P[47:0] is not pipelined (PREG=0). Pipelining the DSP48 output will improve performance and often saves power so it is suggested whenever possible to fully pipeline this function.  If this DSP48 function was inferred, it is suggested to describe an additional register stage after this function.  If the DSP48 was instantiated in the design, it is suggested to set the PREG attribute to 1.
Related violations: <none>

DPOP-1#3 Warning
PREG Output pipelining  
DSP i_pid/ma1/ay_1_m/full_aByb__1__0 output i_pid/ma1/ay_1_m/full_aByb__1__0/P[47:0] is not pipelined (PREG=0). Pipelining the DSP48 output will improve performance and often saves power so it is suggested whenever possible to fully pipeline this function.  If this DSP48 function was inferred, it is suggested to describe an additional register stage after this function.  If the DSP48 was instantiated in the design, it is suggested to set the PREG attribute to 1.
Related violations: <none>

DPOP-1#4 Warning
PREG Output pipelining  
DSP i_pid/ma1/ay_1_m/full_aByb__2 output i_pid/ma1/ay_1_m/full_aByb__2/P[47:0] is not pipelined (PREG=0). Pipelining the DSP48 output will improve performance and often saves power so it is suggested whenever possible to fully pipeline this function.  If this DSP48 function was inferred, it is suggested to describe an additional register stage after this function.  If the DSP48 was instantiated in the design, it is suggested to set the PREG attribute to 1.
Related violations: <none>

DPOP-1#5 Warning
PREG Output pipelining  
DSP i_pid/ma1/bx_m/full_aByb output i_pid/ma1/bx_m/full_aByb/P[47:0] is not pipelined (PREG=0). Pipelining the DSP48 output will improve performance and often saves power so it is suggested whenever possible to fully pipeline this function.  If this DSP48 function was inferred, it is suggested to describe an additional register stage after this function.  If the DSP48 was instantiated in the design, it is suggested to set the PREG attribute to 1.
Related violations: <none>

DPOP-1#6 Warning
PREG Output pipelining  
DSP i_pid/ma1/bx_m/full_aByb__0 output i_pid/ma1/bx_m/full_aByb__0/P[47:0] is not pipelined (PREG=0). Pipelining the DSP48 output will improve performance and often saves power so it is suggested whenever possible to fully pipeline this function.  If this DSP48 function was inferred, it is suggested to describe an additional register stage after this function.  If the DSP48 was instantiated in the design, it is suggested to set the PREG attribute to 1.
Related violations: <none>

DPOP-2#1 Warning
MREG Output pipelining  
DSP i_pid/i_pid11/kd_mult multiplier stage i_pid/i_pid11/kd_mult/P[47:0] is not pipelined (MREG=0). Pipelining the multiplier function will improve performance and will save significant power so it is suggested whenever possible to fully pipeline this function.  If this multiplier was inferred, it is suggested to describe an additional register stage after this function.  If there is no registered adder/accumulator following the multiply function, two pipeline stages are suggested to allow both the MREG and PREG registers to be used.  If the DSP48 was instantiated in the design, it is suggested to set both the MREG and PREG attributes to 1 when performing multiply functions.
Related violations: <none>

DPOP-2#2 Warning
MREG Output pipelining  
DSP i_pid/i_pid11/ki_mult_reg multiplier stage i_pid/i_pid11/ki_mult_reg/P[47:0] is not pipelined (MREG=0). Pipelining the multiplier function will improve performance and will save significant power so it is suggested whenever possible to fully pipeline this function.  If this multiplier was inferred, it is suggested to describe an additional register stage after this function.  If there is no registered adder/accumulator following the multiply function, two pipeline stages are suggested to allow both the MREG and PREG registers to be used.  If the DSP48 was instantiated in the design, it is suggested to set both the MREG and PREG attributes to 1 when performing multiply functions.
Related violations: <none>

DPOP-2#3 Warning
MREG Output pipelining  
DSP i_pid/i_pid11/kp_mult multiplier stage i_pid/i_pid11/kp_mult/P[47:0] is not pipelined (MREG=0). Pipelining the multiplier function will improve performance and will save significant power so it is suggested whenever possible to fully pipeline this function.  If this multiplier was inferred, it is suggested to describe an additional register stage after this function.  If there is no registered adder/accumulator following the multiply function, two pipeline stages are suggested to allow both the MREG and PREG registers to be used.  If the DSP48 was instantiated in the design, it is suggested to set both the MREG and PREG attributes to 1 when performing multiply functions.
Related violations: <none>

DPOP-2#4 Warning
MREG Output pipelining  
DSP i_pid/i_pid12/kd_mult multiplier stage i_pid/i_pid12/kd_mult/P[47:0] is not pipelined (MREG=0). Pipelining the multiplier function will improve performance and will save significant power so it is suggested whenever possible to fully pipeline this function.  If this multiplier was inferred, it is suggested to describe an additional register stage after this function.  If there is no registered adder/accumulator following the multiply function, two pipeline stages are suggested to allow both the MREG and PREG registers to be used.  If the DSP48 was instantiated in the design, it is suggested to set both the MREG and PREG attributes to 1 when performing multiply functions.
Related violations: <none>

DPOP-2#5 Warning
MREG Output pipelining  
DSP i_pid/i_pid12/ki_mult_reg multiplier stage i_pid/i_pid12/ki_mult_reg/P[47:0] is not pipelined (MREG=0). Pipelining the multiplier function will improve performance and will save significant power so it is suggested whenever possible to fully pipeline this function.  If this multiplier was inferred, it is suggested to describe an additional register stage after this function.  If there is no registered adder/accumulator following the multiply function, two pipeline stages are suggested to allow both the MREG and PREG registers to be used.  If the DSP48 was instantiated in the design, it is suggested to set both the MREG and PREG attributes to 1 when performing multiply functions.
Related violations: <none>

DPOP-2#6 Warning
MREG Output pipelining  
DSP i_pid/i_pid12/kp_mult multiplier stage i_pid/i_pid12/kp_mult/P[47:0] is not pipelined (MREG=0). Pipelining the multiplier function will improve performance and will save significant power so it is suggested whenever possible to fully pipeline this function.  If this multiplier was inferred, it is suggested to describe an additional register stage after this function.  If there is no registered adder/accumulator following the multiply function, two pipeline stages are suggested to allow both the MREG and PREG registers to be used.  If the DSP48 was instantiated in the design, it is suggested to set both the MREG and PREG attributes to 1 when performing multiply functions.
Related violations: <none>

DPOP-2#7 Warning
MREG Output pipelining  
DSP i_pid/ma1/ay_1_m/full_aByb multiplier stage i_pid/ma1/ay_1_m/full_aByb/P[47:0] is not pipelined (MREG=0). Pipelining the multiplier function will improve performance and will save significant power so it is suggested whenever possible to fully pipeline this function.  If this multiplier was inferred, it is suggested to describe an additional register stage after this function.  If there is no registered adder/accumulator following the multiply function, two pipeline stages are suggested to allow both the MREG and PREG registers to be used.  If the DSP48 was instantiated in the design, it is suggested to set both the MREG and PREG attributes to 1 when performing multiply functions.
Related violations: <none>

DPOP-2#8 Warning
MREG Output pipelining  
DSP i_pid/ma1/ay_1_m/full_aByb__0 multiplier stage i_pid/ma1/ay_1_m/full_aByb__0/P[47:0] is not pipelined (MREG=0). Pipelining the multiplier function will improve performance and will save significant power so it is suggested whenever possible to fully pipeline this function.  If this multiplier was inferred, it is suggested to describe an additional register stage after this function.  If there is no registered adder/accumulator following the multiply function, two pipeline stages are suggested to allow both the MREG and PREG registers to be used.  If the DSP48 was instantiated in the design, it is suggested to set both the MREG and PREG attributes to 1 when performing multiply functions.
Related violations: <none>

DPOP-2#9 Warning
MREG Output pipelining  
DSP i_pid/ma1/ay_1_m/full_aByb__1__0 multiplier stage i_pid/ma1/ay_1_m/full_aByb__1__0/P[47:0] is not pipelined (MREG=0). Pipelining the multiplier function will improve performance and will save significant power so it is suggested whenever possible to fully pipeline this function.  If this multiplier was inferred, it is suggested to describe an additional register stage after this function.  If there is no registered adder/accumulator following the multiply function, two pipeline stages are suggested to allow both the MREG and PREG registers to be used.  If the DSP48 was instantiated in the design, it is suggested to set both the MREG and PREG attributes to 1 when performing multiply functions.
Related violations: <none>

DPOP-2#10 Warning
MREG Output pipelining  
DSP i_pid/ma1/ay_1_m/full_aByb__2 multiplier stage i_pid/ma1/ay_1_m/full_aByb__2/P[47:0] is not pipelined (MREG=0). Pipelining the multiplier function will improve performance and will save significant power so it is suggested whenever possible to fully pipeline this function.  If this multiplier was inferred, it is suggested to describe an additional register stage after this function.  If there is no registered adder/accumulator following the multiply function, two pipeline stages are suggested to allow both the MREG and PREG registers to be used.  If the DSP48 was instantiated in the design, it is suggested to set both the MREG and PREG attributes to 1 when performing multiply functions.
Related violations: <none>

DPOP-2#11 Warning
MREG Output pipelining  
DSP i_pid/ma1/bx_m/full_aByb multiplier stage i_pid/ma1/bx_m/full_aByb/P[47:0] is not pipelined (MREG=0). Pipelining the multiplier function will improve performance and will save significant power so it is suggested whenever possible to fully pipeline this function.  If this multiplier was inferred, it is suggested to describe an additional register stage after this function.  If there is no registered adder/accumulator following the multiply function, two pipeline stages are suggested to allow both the MREG and PREG registers to be used.  If the DSP48 was instantiated in the design, it is suggested to set both the MREG and PREG attributes to 1 when performing multiply functions.
Related violations: <none>

DPOP-2#12 Warning
MREG Output pipelining  
DSP i_pid/ma1/bx_m/full_aByb__0 multiplier stage i_pid/ma1/bx_m/full_aByb__0/P[47:0] is not pipelined (MREG=0). Pipelining the multiplier function will improve performance and will save significant power so it is suggested whenever possible to fully pipeline this function.  If this multiplier was inferred, it is suggested to describe an additional register stage after this function.  If there is no registered adder/accumulator following the multiply function, two pipeline stages are suggested to allow both the MREG and PREG registers to be used.  If the DSP48 was instantiated in the design, it is suggested to set both the MREG and PREG attributes to 1 when performing multiply functions.
Related violations: <none>

PDRC-153#1 Warning
Gated clock check  
Net i_daisy/txp_dv_reg_i_2_n_0 is a gated clock net sourced by a combinational pin i_daisy/txp_dv_reg_i_2/O, cell i_daisy/txp_dv_reg_i_2. This is not good design practice and will likely impact performance. For SLICE registers, for example, use the CE pin to control the loading of data.
Related violations: <none>

PLIO-8#1 Warning
Placement Constraints Check for IO constraints  
Terminal adc_dat_i[0][10] has IOB constraint set to TRUE, but it is either not connected to a FLOP element or the connected FLOP element could not be brought into the I/O.
Related violations: <none>

PLIO-8#2 Warning
Placement Constraints Check for IO constraints  
Terminal adc_dat_i[0][11] has IOB constraint set to TRUE, but it is either not connected to a FLOP element or the connected FLOP element could not be brought into the I/O.
Related violations: <none>

PLIO-8#3 Warning
Placement Constraints Check for IO constraints  
Terminal adc_dat_i[0][12] has IOB constraint set to TRUE, but it is either not connected to a FLOP element or the connected FLOP element could not be brought into the I/O.
Related violations: <none>

PLIO-8#4 Warning
Placement Constraints Check for IO constraints  
Terminal adc_dat_i[0][13] has IOB constraint set to TRUE, but it is either not connected to a FLOP element or the connected FLOP element could not be brought into the I/O.
Related violations: <none>

PLIO-8#5 Warning
Placement Constraints Check for IO constraints  
Terminal adc_dat_i[0][14] has IOB constraint set to TRUE, but it is either not connected to a FLOP element or the connected FLOP element could not be brought into the I/O.
Related violations: <none>

PLIO-8#6 Warning
Placement Constraints Check for IO constraints  
Terminal adc_dat_i[0][15] has IOB constraint set to TRUE, but it is either not connected to a FLOP element or the connected FLOP element could not be brought into the I/O.
Related violations: <none>

PLIO-8#7 Warning
Placement Constraints Check for IO constraints  
Terminal adc_dat_i[0][2] has IOB constraint set to TRUE, but it is either not connected to a FLOP element or the connected FLOP element could not be brought into the I/O.
Related violations: <none>

PLIO-8#8 Warning
Placement Constraints Check for IO constraints  
Terminal adc_dat_i[0][3] has IOB constraint set to TRUE, but it is either not connected to a FLOP element or the connected FLOP element could not be brought into the I/O.
Related violations: <none>

PLIO-8#9 Warning
Placement Constraints Check for IO constraints  
Terminal adc_dat_i[0][4] has IOB constraint set to TRUE, but it is either not connected to a FLOP element or the connected FLOP element could not be brought into the I/O.
Related violations: <none>

PLIO-8#10 Warning
Placement Constraints Check for IO constraints  
Terminal adc_dat_i[0][5] has IOB constraint set to TRUE, but it is either not connected to a FLOP element or the connected FLOP element could not be brought into the I/O.
Related violations: <none>

PLIO-8#11 Warning
Placement Constraints Check for IO constraints  
Terminal adc_dat_i[0][6] has IOB constraint set to TRUE, but it is either not connected to a FLOP element or the connected FLOP element could not be brought into the I/O.
Related violations: <none>

PLIO-8#12 Warning
Placement Constraints Check for IO constraints  
Terminal adc_dat_i[0][7] has IOB constraint set to TRUE, but it is either not connected to a FLOP element or the connected FLOP element could not be brought into the I/O.
Related violations: <none>

PLIO-8#13 Warning
Placement Constraints Check for IO constraints  
Terminal adc_dat_i[0][8] has IOB constraint set to TRUE, but it is either not connected to a FLOP element or the connected FLOP element could not be brought into the I/O.
Related violations: <none>

PLIO-8#14 Warning
Placement Constraints Check for IO constraints  
Terminal adc_dat_i[0][9] has IOB constraint set to TRUE, but it is either not connected to a FLOP element or the connected FLOP element could not be brought into the I/O.
Related violations: <none>

PLIO-8#15 Warning
Placement Constraints Check for IO constraints  
Terminal adc_dat_i[1][10] has IOB constraint set to TRUE, but it is either not connected to a FLOP element or the connected FLOP element could not be brought into the I/O.
Related violations: <none>

PLIO-8#16 Warning
Placement Constraints Check for IO constraints  
Terminal adc_dat_i[1][11] has IOB constraint set to TRUE, but it is either not connected to a FLOP element or the connected FLOP element could not be brought into the I/O.
Related violations: <none>

PLIO-8#17 Warning
Placement Constraints Check for IO constraints  
Terminal adc_dat_i[1][12] has IOB constraint set to TRUE, but it is either not connected to a FLOP element or the connected FLOP element could not be brought into the I/O.
Related violations: <none>

PLIO-8#18 Warning
Placement Constraints Check for IO constraints  
Terminal adc_dat_i[1][13] has IOB constraint set to TRUE, but it is either not connected to a FLOP element or the connected FLOP element could not be brought into the I/O.
Related violations: <none>

PLIO-8#19 Warning
Placement Constraints Check for IO constraints  
Terminal adc_dat_i[1][14] has IOB constraint set to TRUE, but it is either not connected to a FLOP element or the connected FLOP element could not be brought into the I/O.
Related violations: <none>

PLIO-8#20 Warning
Placement Constraints Check for IO constraints  
Terminal adc_dat_i[1][15] has IOB constraint set to TRUE, but it is either not connected to a FLOP element or the connected FLOP element could not be brought into the I/O.
Related violations: <none>

PLIO-8#21 Warning
Placement Constraints Check for IO constraints  
Terminal adc_dat_i[1][2] has IOB constraint set to TRUE, but it is either not connected to a FLOP element or the connected FLOP element could not be brought into the I/O.
Related violations: <none>

PLIO-8#22 Warning
Placement Constraints Check for IO constraints  
Terminal adc_dat_i[1][3] has IOB constraint set to TRUE, but it is either not connected to a FLOP element or the connected FLOP element could not be brought into the I/O.
Related violations: <none>

PLIO-8#23 Warning
Placement Constraints Check for IO constraints  
Terminal adc_dat_i[1][4] has IOB constraint set to TRUE, but it is either not connected to a FLOP element or the connected FLOP element could not be brought into the I/O.
Related violations: <none>

PLIO-8#24 Warning
Placement Constraints Check for IO constraints  
Terminal adc_dat_i[1][5] has IOB constraint set to TRUE, but it is either not connected to a FLOP element or the connected FLOP element could not be brought into the I/O.
Related violations: <none>

PLIO-8#25 Warning
Placement Constraints Check for IO constraints  
Terminal adc_dat_i[1][6] has IOB constraint set to TRUE, but it is either not connected to a FLOP element or the connected FLOP element could not be brought into the I/O.
Related violations: <none>

PLIO-8#26 Warning
Placement Constraints Check for IO constraints  
Terminal adc_dat_i[1][7] has IOB constraint set to TRUE, but it is either not connected to a FLOP element or the connected FLOP element could not be brought into the I/O.
Related violations: <none>

PLIO-8#27 Warning
Placement Constraints Check for IO constraints  
Terminal adc_dat_i[1][8] has IOB constraint set to TRUE, but it is either not connected to a FLOP element or the connected FLOP element could not be brought into the I/O.
Related violations: <none>

PLIO-8#28 Warning
Placement Constraints Check for IO constraints  
Terminal adc_dat_i[1][9] has IOB constraint set to TRUE, but it is either not connected to a FLOP element or the connected FLOP element could not be brought into the I/O.
Related violations: <none>

PLIO-8#29 Warning
Placement Constraints Check for IO constraints  
Terminal dac_pwm_o[0] has IOB constraint set to TRUE, but it is either not connected to a FLOP element or the connected FLOP element could not be brought into the I/O.
Related violations: <none>

PLIO-8#30 Warning
Placement Constraints Check for IO constraints  
Terminal dac_pwm_o[1] has IOB constraint set to TRUE, but it is either not connected to a FLOP element or the connected FLOP element could not be brought into the I/O.
Related violations: <none>

PLIO-8#31 Warning
Placement Constraints Check for IO constraints  
Terminal dac_pwm_o[2] has IOB constraint set to TRUE, but it is either not connected to a FLOP element or the connected FLOP element could not be brought into the I/O.
Related violations: <none>

PLIO-8#32 Warning
Placement Constraints Check for IO constraints  
Terminal dac_pwm_o[3] has IOB constraint set to TRUE, but it is either not connected to a FLOP element or the connected FLOP element could not be brought into the I/O.
Related violations: <none>

RPBF-3#1 Warning
IO port buffering is incomplete  
Device port led_o[0] expects both input and output buffering but the buffers are incomplete.
Related violations: <none>

RPBF-3#2 Warning
IO port buffering is incomplete  
Device port led_o[1] expects both input and output buffering but the buffers are incomplete.
Related violations: <none>

RPBF-3#3 Warning
IO port buffering is incomplete  
Device port led_o[2] expects both input and output buffering but the buffers are incomplete.
Related violations: <none>

RPBF-3#4 Warning
IO port buffering is incomplete  
Device port led_o[3] expects both input and output buffering but the buffers are incomplete.
Related violations: <none>

RPBF-3#5 Warning
IO port buffering is incomplete  
Device port led_o[4] expects both input and output buffering but the buffers are incomplete.
Related violations: <none>

RPBF-3#6 Warning
IO port buffering is incomplete  
Device port led_o[5] expects both input and output buffering but the buffers are incomplete.
Related violations: <none>

RPBF-3#7 Warning
IO port buffering is incomplete  
Device port led_o[6] expects both input and output buffering but the buffers are incomplete.
Related violations: <none>

RPBF-3#8 Warning
IO port buffering is incomplete  
Device port led_o[7] expects both input and output buffering but the buffers are incomplete.
Related violations: <none>

REQP-20#1 Advisory
enum_AREG_0_connects_CEA1_GND_connects_CEA2_GND  
i_pid/ma1/ay_1_m/full_aByb: When DSP48E1 attribute AREG is set to 0, the CEA1 and CEA2 pins should be tied to GND to save power.
Related violations: <none>

REQP-24#1 Advisory
enum_BREG_0_connects_CEB1_GND_connects_CEB2_GND  
i_pid/ma1/ay_1_m/full_aByb__0: When DSP48E1 attribute BREG is set to 0, the CEB1 and CEB2 pins should be tied to GND to save power.
Related violations: <none>

REQP-24#2 Advisory
enum_BREG_0_connects_CEB1_GND_connects_CEB2_GND  
i_pid/ma1/ay_1_m/full_aByb__1__0: When DSP48E1 attribute BREG is set to 0, the CEB1 and CEB2 pins should be tied to GND to save power.
Related violations: <none>

REQP-24#3 Advisory
enum_BREG_0_connects_CEB1_GND_connects_CEB2_GND  
i_pid/ma1/ay_1_m/full_aByb__2: When DSP48E1 attribute BREG is set to 0, the CEB1 and CEB2 pins should be tied to GND to save power.
Related violations: <none>


